<?xml version="1.0" encoding="UTF-8"?>
<testsuites name="MV_TS1" time="16.418" tests="1" failures="0" errors="0">
   <testsuite name="MV_TS1" tests="1" failures="0" errors="0" time="16.418" skipped="0" timestamp="2021-09-25 22:40:48" hostname="DuyMinh - 192.168.1.88" id="Test Suites/MV_TS1">
      <properties>
         <property name="deviceName" value=""/>
         <property name="devicePlatform" value=""/>
         <property name="logFolder" value="/Users/D.Minh/Katalon Studio/Automation/Reports/20210925_224032/MV_TS1/20210925_224032"/>
         <property name="logFiles" value="/Users/D.Minh/Katalon Studio/Automation/Reports/20210925_224032/MV_TS1/20210925_224032/execution0.log"/>
         <property name="attachments" value="/Users/D.Minh/Katalon Studio/Automation/Reports/20210925_224032/MV_TS1/20210925_224032/1632584463171.png"/>
         <property name="hostName" value="DuyMinh - 192.168.1.88"/>
         <property name="os" value="Mac OS X 64bit"/>
         <property name="katalonVersion" value="8.1.0.208"/>
         <property name="browser" value="Chrome 94.0.4606.61"/>
         <property name="hostAddress" value="192.168.1.88"/>
         <property name="sessionId" value="31e55e0bf7157d53a568652de681b2bc"/>
         <property name="seleniumVersion" value="3.141.59"/>
         <property name="proxyInformation" value="ProxyInformation { proxyOption=NO_PROXY, proxyServerType=HTTP, username=, password=********, proxyServerAddress=, proxyServerPort=0, executionList=&quot;&quot;, isApplyToDesiredCapabilities=true }"/>
         <property name="platform" value="Mac OS X"/>
      </properties>
      <testcase name="Test Cases/MV_TC1" time="15.321" classname="Test Cases/MV_TC1" status="PASSED">
         <system-out><![CDATA[2021-09-25 22:40:49 - [TEST_CASE][PASSED] - Test Cases/MV_TC1: Test Cases/MV_TC1

2021-09-25 22:40:50 - [TEST_STEP][PASSED] - openBrowser("https://google.com"): Browser is opened with url: 'https://google.com'

2021-09-25 22:40:50 - [MESSAGE][INFO] - Starting 'Chrome' driver

2021-09-25 22:40:50 - [MESSAGE][INFO] - Action delay is set to 0 milliseconds

2021-09-25 22:40:57 - [MESSAGE][PASSED] - Browser is opened with url: 'https://google.com'

2021-09-25 22:40:57 - [TEST_STEP][PASSED] - delay(5): Delayed 5 second(s)

2021-09-25 22:41:02 - [MESSAGE][PASSED] - Delayed 5 second(s)

2021-09-25 22:41:02 - [TEST_STEP][PASSED] - takeScreenshot(null): Taking screenshot successfully

2021-09-25 22:41:03 - [MESSAGE][PASSED] - Taking screenshot successfully
[[ATTACHMENT|/Users/D.Minh/Katalon Studio/Automation/Reports/20210925_224032/MV_TS1/20210925_224032/1632584463171.png]]

2021-09-25 22:41:03 - [TEST_STEP][PASSED] - closeBrowser(): Browser is closed

2021-09-25 22:41:04 - [MESSAGE][PASSED] - Browser is closed]]></system-out>
         <system-err><![CDATA[]]></system-err>
      </testcase>
      <system-out><![CDATA[2021-09-25 22:40:48 - [TEST_SUITE][PASSED] - MV_TS1: Test Cases/MV_TC1]]></system-out>
      <system-err><![CDATA[]]></system-err>
   </testsuite>
</testsuites>
